<?xml version="1.0" encoding="UTF-8"?>
<!-- Generated by org.testng.reporters.JUnitReportReporter -->
<testsuite skipped="0" hostname="DESKTOP-1EC1C0D" name="Loginapp.Loginapplication.Test1" tests="1" failures="0" timestamp="26 Mar 2019 06:16:52 GMT" time="10.947" errors="0">
  <testcase name="LoginApp" time="10.947" classname="Loginapp.Loginapplication.Test1"/>
</testsuite> <!-- Loginapp.Loginapplication.Test1 -->
